<?xml version="1.0" encoding="UTF-8"?>
<testsuite xmlns:xsi="http://www.w3.org/2001/XMLSchema-instance" xsi:noNamespaceSchemaLocation="https://maven.apache.org/surefire/maven-surefire-plugin/xsd/surefire-test-report.xsd" name="com.webcheckers.appl.GameLobbyTest" time="0.078" tests="8" errors="0" skipped="0" failures="0">
  <properties>
[...]
</properties>
  <testcase name="testOpponentPlayer" classname="com.webcheckers.appl.GameLobbyTest" time="0.016"/>
  <testcase name="testCannotPlay" classname="com.webcheckers.appl.GameLobbyTest" time="0"/>
  <testcase name="testBackupMove" classname="com.webcheckers.appl.GameLobbyTest" time="0"/>
  <testcase name="testGetBoardView" classname="com.webcheckers.appl.GameLobbyTest" time="0"/>
  <testcase name="testCanPlay" classname="com.webcheckers.appl.GameLobbyTest" time="0.016"/>
  <testcase name="testCheckRedPlayer" classname="com.webcheckers.appl.GameLobbyTest" time="0"/>
  <testcase name="testCheckRedTurn" classname="com.webcheckers.appl.GameLobbyTest" time="0"/>
  <testcase name="testValidateMove" classname="com.webcheckers.appl.GameLobbyTest" time="0"/>
</testsuite>